<?xml version="1.0" encoding="UTF-8"?>
<!-- Generated by org.testng.reporters.JUnitReportReporter -->
<testsuite hostname="DESKTOP-K2BT05N" failures="0" tests="1" name="guvigu.Guvipro" time="3.002" errors="0" timestamp="2023-12-21T14:29:26 IST" skipped="0">
  <testcase classname="guvigu.Guvipro" name="Bookfee_registeration" time="3.002"/>
</testsuite> <!-- guvigu.Guvipro -->
